<?xml version="1.0" encoding="UTF-8"?>
<!-- Generated by org.testng.reporters.JUnitReportReporter -->
<testsuite hostname="PC327537" name="restTest.postScenario" tests="4" failures="0" timestamp="7 Feb 2020 09:50:40 GMT" time="3.231" errors="0">
  <testcase name="postSuccess1" time="0.816" classname="restTest.postScenario"/>
  <testcase name="postFailure" time="0.759" classname="restTest.postScenario"/>
  <testcase name="postLoginPass" time="0.861" classname="restTest.postScenario"/>
  <testcase name="postLoginFail" time="0.795" classname="restTest.postScenario"/>
</testsuite> <!-- restTest.postScenario -->
