<?xml version="1.0" encoding="UTF-8"?>
<!-- Generated by org.testng.reporters.JUnitReportReporter -->
<testsuite skipped="0" hostname="PC327537" name="postScenario" tests="4" failures="0" timestamp="10 Jan 2020 13:45:53 GMT" time="5.171" errors="0">
  <testcase name="postSuccess1" time="2.759" classname="postScenario"/>
  <testcase name="postFailure" time="0.799" classname="postScenario"/>
  <testcase name="postLoginPass" time="0.809" classname="postScenario"/>
  <testcase name="postLoginFail" time="0.804" classname="postScenario"/>
</testsuite> <!-- postScenario -->
