<?xml version="1.0" encoding="UTF-8"?>
<!-- Generated by org.testng.reporters.JUnitReportReporter -->
<testsuite hostname="PC327537" name="restTest.patchMethod" tests="1" failures="0" timestamp="7 Feb 2020 09:50:40 GMT" time="0.827" errors="0">
  <testcase name="patchScenario" time="0.827" classname="restTest.patchMethod"/>
</testsuite> <!-- restTest.patchMethod -->
