<?xml version="1.0" encoding="UTF-8"?>
<!-- Generated by org.testng.reporters.JUnitReportReporter -->
<testsuite skipped="0" hostname="PC327537" name="getMethod" tests="1" failures="0" timestamp="13 Jan 2020 13:49:02 GMT" time="2.426" errors="0">
  <testcase name="GetBookingIds_VerifyStatusCode" time="2.426" classname="getMethod"/>
</testsuite> <!-- getMethod -->
