<?xml version="1.0" encoding="UTF-8"?>
<!-- Generated by org.testng.reporters.JUnitReportReporter -->
<testsuite skipped="0" hostname="PC327537" name="deleteMethod" tests="1" failures="0" timestamp="10 Jan 2020 14:25:43 GMT" time="2.305" errors="0">
  <testcase name="deleteTest" time="2.305" classname="deleteMethod"/>
</testsuite> <!-- deleteMethod -->
