<?xml version="1.0" encoding="UTF-8"?>
<!-- Generated by org.testng.reporters.JUnitReportReporter -->
<testsuite skipped="0" hostname="PC327537" name="putMethod" tests="1" failures="0" timestamp="10 Jan 2020 14:04:12 GMT" time="2.731" errors="0">
  <testcase name="putScenario" time="2.731" classname="putMethod"/>
</testsuite> <!-- putMethod -->
