<?xml version="1.0" encoding="UTF-8"?>
<!-- Generated by org.testng.reporters.JUnitReportReporter -->
<testsuite skipped="0" hostname="PC327537" name="patchMethod" tests="1" failures="0" timestamp="10 Jan 2020 14:11:56 GMT" time="2.831" errors="0">
  <testcase name="patchScenario" time="2.831" classname="patchMethod"/>
</testsuite> <!-- patchMethod -->
