<?xml version="1.0" encoding="UTF-8"?>
<!-- Generated by org.testng.reporters.JUnitReportReporter -->
<testsuite hostname="PC327537" name="restTest.deleteMethod" tests="1" failures="0" timestamp="7 Feb 2020 09:50:40 GMT" time="4.831" errors="0">
  <testcase name="deleteTest" time="4.831" classname="restTest.deleteMethod"/>
</testsuite> <!-- restTest.deleteMethod -->
