<?xml version="1.0" encoding="UTF-8"?>
<!-- Generated by org.testng.reporters.JUnitReportReporter -->
<testsuite skipped="0" hostname="PC327537" name="postSuccess" tests="1" failures="0" timestamp="10 Jan 2020 13:38:48 GMT" time="2.627" errors="0">
  <testcase name="postSuccess1" time="2.627" classname="postSuccess"/>
</testsuite> <!-- postSuccess -->
