<?xml version="1.0" encoding="UTF-8"?>
<!-- Generated by org.testng.reporters.JUnitReportReporter -->
<testsuite skipped="0" hostname="PC327537" name="postMethod" tests="1" failures="0" timestamp="13 Jan 2020 13:49:51 GMT" time="2.681" errors="0">
  <testcase name="postMethodSample" time="2.681" classname="postMethod"/>
</testsuite> <!-- postMethod -->
