<?xml version="1.0" encoding="UTF-8"?>
<!-- Generated by org.testng.reporters.JUnitReportReporter -->
<testsuite hostname="PC327537" name="restTest.postMethod" tests="1" failures="0" timestamp="7 Feb 2020 09:50:40 GMT" time="1.467" errors="0">
  <testcase name="postMethodSample" time="1.467" classname="restTest.postMethod"/>
</testsuite> <!-- restTest.postMethod -->
